<?xml version="1.0" encoding="UTF-8"?>
<testng-results skipped="0" failed="0" ignored="0" total="1" passed="1">
  <reporter-output>
    <line>
      <![CDATA[Successfully Launched Chrome Browser]]>
    </line>
    <line>
      <![CDATA[Browser window is maximized successfully]]>
    </line>
    <line>
      <![CDATA[FirstName and LastName Is Updated Successfully in Profile Category]]>
    </line>
  </reporter-output>
  <suite name="Default suite" duration-ms="16035" started-at="2022-03-03T09:09:40 IST" finished-at="2022-03-03T09:09:56 IST">
    <groups>
    </groups>
    <test name="Default test" duration-ms="16035" started-at="2022-03-03T09:09:40 IST" finished-at="2022-03-03T09:09:56 IST">
      <class name="skills.Tc_003Test">
        <test-method status="PASS" signature="openTheBrowser(java.lang.String)[pri:0, instance:skills.Tc_003Test@1563da5]" name="openTheBrowser" is-config="true" duration-ms="4322" started-at="2022-03-03T09:09:40 IST" finished-at="2022-03-03T09:09:45 IST">
          <params>
            <param index="0">
              <value>
                <![CDATA[chrome]]>
              </value>
            </param>
          </params>
          <reporter-output>
            <line>
              <![CDATA[Successfully Launched Chrome Browser]]>
            </line>
            <line>
              <![CDATA[Browser window is maximized successfully]]>
            </line>
          </reporter-output>
        </test-method> <!-- openTheBrowser -->
        <test-method status="PASS" signature="navigateToApplication()[pri:0, instance:skills.Tc_003Test@1563da5]" name="navigateToApplication" is-config="true" duration-ms="755" started-at="2022-03-03T09:09:45 IST" finished-at="2022-03-03T09:09:45 IST">
          <reporter-output>
          </reporter-output>
        </test-method> <!-- navigateToApplication -->
        <test-method status="PASS" signature="Profile()[pri:0, instance:skills.Tc_003Test@1563da5]" name="Profile" duration-ms="9611" started-at="2022-03-03T09:09:45 IST" finished-at="2022-03-03T09:09:55 IST">
          <reporter-output>
            <line>
              <![CDATA[FirstName and LastName Is Updated Successfully in Profile Category]]>
            </line>
          </reporter-output>
        </test-method> <!-- Profile -->
        <test-method status="PASS" signature="closeTheBrowser()[pri:0, instance:skills.Tc_003Test@1563da5]" name="closeTheBrowser" is-config="true" duration-ms="867" started-at="2022-03-03T09:09:55 IST" finished-at="2022-03-03T09:09:56 IST">
          <reporter-output>
          </reporter-output>
        </test-method> <!-- closeTheBrowser -->
      </class> <!-- skills.Tc_003Test -->
    </test> <!-- Default test -->
  </suite> <!-- Default suite -->
</testng-results>
